{
  "/src/index.ts": {
    "path": "/src/index.ts",
    "statementMap": {
      "0": {
        "start": {
          "line": 2,
          "column": 0
        },
        "end": {
          "line": 2,
          "column": 39
        }
      },
      "1": {
        "start": {
          "line": 3,
          "column": 0
        },
        "end": {
          "line": 3,
          "column": 29
        }
      },
      "2": {
        "start": {
          "line": 19,
          "column": 22
        },
        "end": {
          "line": 28,
          "column": 2
        }
      },
      "3": {
        "start": {
          "line": 30,
          "column": 21
        },
        "end": {
          "line": 38,
          "column": 2
        }
      },
      "4": {
        "start": {
          "line": 30,
          "column": 70
        },
        "end": {
          "line": 38,
          "column": 2
        }
      },
      "5": {
        "start": {
          "line": 40,
          "column": 21
        },
        "end": {
          "line": 49,
          "column": 1
        }
      },
      "6": {
        "start": {
          "line": 44,
          "column": 2
        },
        "end": {
          "line": 48,
          "column": null
        }
      },
      "7": {
        "start": {
          "line": 45,
          "column": 4
        },
        "end": {
          "line": 47,
          "column": null
        }
      },
      "8": {
        "start": {
          "line": 46,
          "column": 6
        },
        "end": {
          "line": 46,
          "column": 31
        }
      },
      "9": {
        "start": {
          "line": 58,
          "column": 35
        },
        "end": {
          "line": 80,
          "column": 1
        }
      },
      "10": {
        "start": {
          "line": 62,
          "column": 2
        },
        "end": {
          "line": 64,
          "column": null
        }
      },
      "11": {
        "start": {
          "line": 63,
          "column": 4
        },
        "end": {
          "line": 63,
          "column": 53
        }
      },
      "12": {
        "start": {
          "line": 65,
          "column": 2
        },
        "end": {
          "line": 67,
          "column": null
        }
      },
      "13": {
        "start": {
          "line": 66,
          "column": 4
        },
        "end": {
          "line": 66,
          "column": 61
        }
      },
      "14": {
        "start": {
          "line": 69,
          "column": 2
        },
        "end": {
          "line": 71,
          "column": null
        }
      },
      "15": {
        "start": {
          "line": 70,
          "column": 4
        },
        "end": {
          "line": 70,
          "column": 54
        }
      },
      "16": {
        "start": {
          "line": 73,
          "column": 2
        },
        "end": {
          "line": 77,
          "column": null
        }
      },
      "17": {
        "start": {
          "line": 74,
          "column": 4
        },
        "end": {
          "line": 74,
          "column": 51
        }
      },
      "18": {
        "start": {
          "line": 75,
          "column": 9
        },
        "end": {
          "line": 77,
          "column": null
        }
      },
      "19": {
        "start": {
          "line": 76,
          "column": 4
        },
        "end": {
          "line": 76,
          "column": 38
        }
      },
      "20": {
        "start": {
          "line": 79,
          "column": 2
        },
        "end": {
          "line": 79,
          "column": 15
        }
      },
      "21": {
        "start": {
          "line": 58,
          "column": 13
        },
        "end": {
          "line": 58,
          "column": 35
        }
      },
      "22": {
        "start": {
          "line": 88,
          "column": 2
        },
        "end": {
          "line": 88,
          "column": 21
        }
      },
      "23": {
        "start": {
          "line": 95,
          "column": 21
        },
        "end": {
          "line": 121,
          "column": 1
        }
      },
      "24": {
        "start": {
          "line": 99,
          "column": 2
        },
        "end": {
          "line": 104,
          "column": null
        }
      },
      "25": {
        "start": {
          "line": 100,
          "column": 4
        },
        "end": {
          "line": 103,
          "column": 6
        }
      },
      "26": {
        "start": {
          "line": 106,
          "column": 2
        },
        "end": {
          "line": 111,
          "column": null
        }
      },
      "27": {
        "start": {
          "line": 107,
          "column": 4
        },
        "end": {
          "line": 110,
          "column": 6
        }
      },
      "28": {
        "start": {
          "line": 113,
          "column": 2
        },
        "end": {
          "line": 118,
          "column": null
        }
      },
      "29": {
        "start": {
          "line": 114,
          "column": 4
        },
        "end": {
          "line": 117,
          "column": 6
        }
      },
      "30": {
        "start": {
          "line": 120,
          "column": 2
        },
        "end": {
          "line": 120,
          "column": 15
        }
      },
      "31": {
        "start": {
          "line": 123,
          "column": 20
        },
        "end": {
          "line": 129,
          "column": 1
        }
      },
      "32": {
        "start": {
          "line": 124,
          "column": 2
        },
        "end": {
          "line": 126,
          "column": null
        }
      },
      "33": {
        "start": {
          "line": 125,
          "column": 4
        },
        "end": {
          "line": 125,
          "column": 25
        }
      },
      "34": {
        "start": {
          "line": 128,
          "column": 2
        },
        "end": {
          "line": 128,
          "column": 46
        }
      },
      "35": {
        "start": {
          "line": 136,
          "column": 28
        },
        "end": {
          "line": 142,
          "column": null
        }
      },
      "36": {
        "start": {
          "line": 141,
          "column": 2
        },
        "end": {
          "line": 142,
          "column": null
        }
      },
      "37": {
        "start": {
          "line": 136,
          "column": 13
        },
        "end": {
          "line": 136,
          "column": 28
        }
      },
      "38": {
        "start": {
          "line": 151,
          "column": 2
        },
        "end": {
          "line": 159,
          "column": 3
        }
      },
      "39": {
        "start": {
          "line": 152,
          "column": 2
        },
        "end": {
          "line": 159,
          "column": 3
        }
      },
      "40": {
        "start": {
          "line": 153,
          "column": 4
        },
        "end": {
          "line": 153,
          "column": 59
        }
      },
      "41": {
        "start": {
          "line": 153,
          "column": 52
        },
        "end": {
          "line": 153,
          "column": 59
        }
      },
      "42": {
        "start": {
          "line": 155,
          "column": 4
        },
        "end": {
          "line": 158,
          "column": 7
        }
      },
      "43": {
        "start": {
          "line": 156,
          "column": 6
        },
        "end": {
          "line": 156,
          "column": 67
        }
      },
      "44": {
        "start": {
          "line": 156,
          "column": 41
        },
        "end": {
          "line": 156,
          "column": 65
        }
      },
      "45": {
        "start": {
          "line": 157,
          "column": 6
        },
        "end": {
          "line": 157,
          "column": 34
        }
      },
      "46": {
        "start": {
          "line": 150,
          "column": 13
        },
        "end": {
          "line": 150,
          "column": null
        }
      }
    },
    "fnMap": {
      "0": {
        "name": "(anonymous_6)",
        "decl": {
          "start": {
            "line": 30,
            "column": 21
          },
          "end": {
            "line": 30,
            "column": 22
          }
        },
        "loc": {
          "start": {
            "line": 30,
            "column": 70
          },
          "end": {
            "line": 38,
            "column": 2
          }
        }
      },
      "1": {
        "name": "(anonymous_7)",
        "decl": {
          "start": {
            "line": 40,
            "column": 21
          },
          "end": {
            "line": 40,
            "column": null
          }
        },
        "loc": {
          "start": {
            "line": 43,
            "column": 10
          },
          "end": {
            "line": 49,
            "column": 1
          }
        }
      },
      "2": {
        "name": "(anonymous_8)",
        "decl": {
          "start": {
            "line": 58,
            "column": 35
          },
          "end": {
            "line": 58,
            "column": null
          }
        },
        "loc": {
          "start": {
            "line": 61,
            "column": 18
          },
          "end": {
            "line": 80,
            "column": 1
          }
        }
      },
      "3": {
        "name": "(anonymous_9)",
        "decl": {
          "start": {
            "line": 95,
            "column": 21
          },
          "end": {
            "line": 95,
            "column": null
          }
        },
        "loc": {
          "start": {
            "line": 98,
            "column": 18
          },
          "end": {
            "line": 121,
            "column": 1
          }
        }
      },
      "4": {
        "name": "(anonymous_10)",
        "decl": {
          "start": {
            "line": 123,
            "column": 20
          },
          "end": {
            "line": 123,
            "column": 21
          }
        },
        "loc": {
          "start": {
            "line": 123,
            "column": 61
          },
          "end": {
            "line": 129,
            "column": 1
          }
        }
      },
      "5": {
        "name": "(anonymous_11)",
        "decl": {
          "start": {
            "line": 136,
            "column": 28
          },
          "end": {
            "line": 136,
            "column": null
          }
        },
        "loc": {
          "start": {
            "line": 141,
            "column": 2
          },
          "end": {
            "line": 142,
            "column": null
          }
        }
      },
      "6": {
        "name": "(anonymous_12)",
        "decl": {
          "start": {
            "line": 151,
            "column": 2
          },
          "end": {
            "line": 151,
            "column": 3
          }
        },
        "loc": {
          "start": {
            "line": 152,
            "column": 2
          },
          "end": {
            "line": 159,
            "column": 3
          }
        }
      },
      "7": {
        "name": "(anonymous_13)",
        "decl": {
          "start": {
            "line": 152,
            "column": 2
          },
          "end": {
            "line": 152,
            "column": 3
          }
        },
        "loc": {
          "start": {
            "line": 152,
            "column": 61
          },
          "end": {
            "line": 159,
            "column": 3
          }
        }
      },
      "8": {
        "name": "(anonymous_14)",
        "decl": {
          "start": {
            "line": 155,
            "column": 18
          },
          "end": {
            "line": 155,
            "column": 19
          }
        },
        "loc": {
          "start": {
            "line": 155,
            "column": 28
          },
          "end": {
            "line": 158,
            "column": 5
          }
        }
      },
      "9": {
        "name": "(anonymous_15)",
        "decl": {
          "start": {
            "line": 156,
            "column": 30
          },
          "end": {
            "line": 156,
            "column": 31
          }
        },
        "loc": {
          "start": {
            "line": 156,
            "column": 41
          },
          "end": {
            "line": 156,
            "column": 65
          }
        }
      }
    },
    "branchMap": {
      "0": {
        "loc": {
          "start": {
            "line": 33,
            "column": 9
          },
          "end": {
            "line": 33,
            "column": 40
          }
        },
        "type": "binary-expr",
        "locations": [
          {
            "start": {
              "line": 33,
              "column": 9
            },
            "end": {
              "line": 33,
              "column": 26
            }
          },
          {
            "start": {
              "line": 33,
              "column": 30
            },
            "end": {
              "line": 33,
              "column": 40
            }
          }
        ]
      },
      "1": {
        "loc": {
          "start": {
            "line": 34,
            "column": 21
          },
          "end": {
            "line": 34,
            "column": 68
          }
        },
        "type": "cond-expr",
        "locations": [
          {
            "start": {
              "line": 34,
              "column": 34
            },
            "end": {
              "line": 34,
              "column": 61
            }
          },
          {
            "start": {
              "line": 34,
              "column": 64
            },
            "end": {
              "line": 34,
              "column": 68
            }
          }
        ]
      },
      "2": {
        "loc": {
          "start": {
            "line": 35,
            "column": 6
          },
          "end": {
            "line": 37,
            "column": 8
          }
        },
        "type": "cond-expr",
        "locations": [
          {
            "start": {
              "line": 36,
              "column": 6
            },
            "end": {
              "line": 36,
              "column": 77
            }
          },
          {
            "start": {
              "line": 37,
              "column": 6
            },
            "end": {
              "line": 37,
              "column": 8
            }
          }
        ]
      },
      "3": {
        "loc": {
          "start": {
            "line": 45,
            "column": 4
          },
          "end": {
            "line": 47,
            "column": null
          }
        },
        "type": "if",
        "locations": [
          {
            "start": {
              "line": 45,
              "column": 4
            },
            "end": {
              "line": 47,
              "column": null
            }
          }
        ]
      },
      "4": {
        "loc": {
          "start": {
            "line": 60,
            "column": 2
          },
          "end": {
            "line": 60,
            "column": 43
          }
        },
        "type": "default-arg",
        "locations": [
          {
            "start": {
              "line": 60,
              "column": 30
            },
            "end": {
              "line": 60,
              "column": 43
            }
          }
        ]
      },
      "5": {
        "loc": {
          "start": {
            "line": 62,
            "column": 2
          },
          "end": {
            "line": 64,
            "column": null
          }
        },
        "type": "if",
        "locations": [
          {
            "start": {
              "line": 62,
              "column": 2
            },
            "end": {
              "line": 64,
              "column": null
            }
          }
        ]
      },
      "6": {
        "loc": {
          "start": {
            "line": 65,
            "column": 2
          },
          "end": {
            "line": 67,
            "column": null
          }
        },
        "type": "if",
        "locations": [
          {
            "start": {
              "line": 65,
              "column": 2
            },
            "end": {
              "line": 67,
              "column": null
            }
          }
        ]
      },
      "7": {
        "loc": {
          "start": {
            "line": 69,
            "column": 2
          },
          "end": {
            "line": 71,
            "column": null
          }
        },
        "type": "if",
        "locations": [
          {
            "start": {
              "line": 69,
              "column": 2
            },
            "end": {
              "line": 71,
              "column": null
            }
          }
        ]
      },
      "8": {
        "loc": {
          "start": {
            "line": 73,
            "column": 2
          },
          "end": {
            "line": 77,
            "column": null
          }
        },
        "type": "if",
        "locations": [
          {
            "start": {
              "line": 73,
              "column": 2
            },
            "end": {
              "line": 77,
              "column": null
            }
          },
          {
            "start": {
              "line": 75,
              "column": 9
            },
            "end": {
              "line": 77,
              "column": null
            }
          }
        ]
      },
      "9": {
        "loc": {
          "start": {
            "line": 75,
            "column": 9
          },
          "end": {
            "line": 77,
            "column": null
          }
        },
        "type": "if",
        "locations": [
          {
            "start": {
              "line": 75,
              "column": 9
            },
            "end": {
              "line": 77,
              "column": null
            }
          }
        ]
      },
      "10": {
        "loc": {
          "start": {
            "line": 75,
            "column": 13
          },
          "end": {
            "line": 75,
            "column": 71
          }
        },
        "type": "binary-expr",
        "locations": [
          {
            "start": {
              "line": 75,
              "column": 13
            },
            "end": {
              "line": 75,
              "column": 32
            }
          },
          {
            "start": {
              "line": 75,
              "column": 36
            },
            "end": {
              "line": 75,
              "column": 71
            }
          }
        ]
      },
      "11": {
        "loc": {
          "start": {
            "line": 99,
            "column": 2
          },
          "end": {
            "line": 104,
            "column": null
          }
        },
        "type": "if",
        "locations": [
          {
            "start": {
              "line": 99,
              "column": 2
            },
            "end": {
              "line": 104,
              "column": null
            }
          }
        ]
      },
      "12": {
        "loc": {
          "start": {
            "line": 106,
            "column": 2
          },
          "end": {
            "line": 111,
            "column": null
          }
        },
        "type": "if",
        "locations": [
          {
            "start": {
              "line": 106,
              "column": 2
            },
            "end": {
              "line": 111,
              "column": null
            }
          }
        ]
      },
      "13": {
        "loc": {
          "start": {
            "line": 113,
            "column": 2
          },
          "end": {
            "line": 118,
            "column": null
          }
        },
        "type": "if",
        "locations": [
          {
            "start": {
              "line": 113,
              "column": 2
            },
            "end": {
              "line": 118,
              "column": null
            }
          }
        ]
      },
      "14": {
        "loc": {
          "start": {
            "line": 124,
            "column": 2
          },
          "end": {
            "line": 126,
            "column": null
          }
        },
        "type": "if",
        "locations": [
          {
            "start": {
              "line": 124,
              "column": 2
            },
            "end": {
              "line": 126,
              "column": null
            }
          }
        ]
      },
      "15": {
        "loc": {
          "start": {
            "line": 128,
            "column": 9
          },
          "end": {
            "line": 128,
            "column": 45
          }
        },
        "type": "binary-expr",
        "locations": [
          {
            "start": {
              "line": 128,
              "column": 9
            },
            "end": {
              "line": 128,
              "column": 29
            }
          },
          {
            "start": {
              "line": 128,
              "column": 33
            },
            "end": {
              "line": 128,
              "column": 45
            }
          }
        ]
      },
      "16": {
        "loc": {
          "start": {
            "line": 151,
            "column": 3
          },
          "end": {
            "line": 151,
            "column": 43
          }
        },
        "type": "default-arg",
        "locations": [
          {
            "start": {
              "line": 151,
              "column": 37
            },
            "end": {
              "line": 151,
              "column": 43
            }
          }
        ]
      },
      "17": {
        "loc": {
          "start": {
            "line": 153,
            "column": 4
          },
          "end": {
            "line": 153,
            "column": 59
          }
        },
        "type": "if",
        "locations": [
          {
            "start": {
              "line": 153,
              "column": 4
            },
            "end": {
              "line": 153,
              "column": 59
            }
          }
        ]
      },
      "18": {
        "loc": {
          "start": {
            "line": 153,
            "column": 8
          },
          "end": {
            "line": 153,
            "column": 50
          }
        },
        "type": "binary-expr",
        "locations": [
          {
            "start": {
              "line": 153,
              "column": 8
            },
            "end": {
              "line": 153,
              "column": 28
            }
          },
          {
            "start": {
              "line": 153,
              "column": 32
            },
            "end": {
              "line": 153,
              "column": 50
            }
          }
        ]
      }
    },
    "s": {
      "0": 1,
      "1": 1,
      "2": 1,
      "3": 1,
      "4": 4,
      "5": 1,
      "6": 25,
      "7": 200,
      "8": 21,
      "9": 1,
      "10": 19,
      "11": 8,
      "12": 19,
      "13": 7,
      "14": 19,
      "15": 19,
      "16": 19,
      "17": 6,
      "18": 13,
      "19": 12,
      "20": 19,
      "21": 1,
      "22": 1,
      "23": 1,
      "24": 12,
      "25": 4,
      "26": 12,
      "27": 11,
      "28": 12,
      "29": 1,
      "30": 12,
      "31": 1,
      "32": 13,
      "33": 1,
      "34": 12,
      "35": 1,
      "36": 12,
      "37": 1,
      "38": 1,
      "39": 2,
      "40": 13,
      "41": 1,
      "42": 12,
      "43": 12,
      "44": 12,
      "45": 12,
      "46": 1
    },
    "f": {
      "0": 4,
      "1": 25,
      "2": 19,
      "3": 12,
      "4": 13,
      "5": 12,
      "6": 2,
      "7": 13,
      "8": 12,
      "9": 12
    },
    "b": {
      "0": [4, 2],
      "1": [2, 2],
      "2": [2, 2],
      "3": [21],
      "4": [19],
      "5": [8],
      "6": [7],
      "7": [19],
      "8": [6, 13],
      "9": [12],
      "10": [13, 12],
      "11": [4],
      "12": [11],
      "13": [1],
      "14": [1],
      "15": [12, 12],
      "16": [1],
      "17": [1],
      "18": [13, 13]
    }
  }
}
